{
  "RSpec": {
    "coverage": {
      "/Users/mayanksehgal/Downloads/SP Test - Ruby (2)/ruby_app/lib/log_parser.rb": {
        "lines": [
          1,
          null,
          1,
          1,
          1,
          6,
          null,
          null,
          null,
          1,
          1,
          1,
          6,
          null,
          null,
          null,
          1,
          6,
          6,
          5,
          null,
          null,
          1,
          null,
          1,
          7,
          6,
          6,
          null,
          null,
          1,
          6,
          6,
          3000,
          3000,
          3000,
          null,
          3000,
          2964,
          2964,
          774,
          774,
          null,
          null,
          36,
          36,
          36,
          36,
          null,
          null,
          6,
          null,
          null,
          1,
          28,
          null,
          null,
          null,
          1,
          1,
          1,
          1,
          null,
          null,
          null
        ]
      }
    },
    "timestamp": 1618698308
  }
}
